[{"line":1,"elements":[{"start_timestamp":"2023-09-11T12:57:39.436Z","before":[{"result":{"duration":5478290100,"status":"passed"},"match":{"location":"base.Hooks.mysetup()"}}],"line":41,"name":"User tries to login with blank Credentials","description":"","id":"login-functionality;user-tries-to-login-with-blank-credentials;;2","after":[{"result":{"error_message":"org.openqa.selenium.NoSuchWindowException: no such window: target window already closed\nfrom unknown error: web view not found\n  (Session info: chrome=116.0.5845.180)\nBuild info: version: '4.11.0', revision: '040bc5406b'\nSystem info: os.name: 'Windows 11', os.arch: 'amd64', os.version: '10.0', java.version: '17.0.7'\nDriver info: org.openqa.selenium.chrome.ChromeDriver\nCommand: [bec8fa0e104523ce2931b25374e22709, screenshot {}]\nCapabilities {acceptInsecureCerts: false, browserName: chrome, browserVersion: 116.0.5845.180, chrome: {chromedriverVersion: 116.0.5845.96 (1a3918166880..., userDataDir: C:\\Users\\ANOOPK~1\\AppData\\L...}, fedcm:accounts: true, goog:chromeOptions: {debuggerAddress: localhost:60080}, networkConnectionEnabled: false, pageLoadStrategy: normal, platformName: windows, proxy: Proxy(), se:cdp: ws://localhost:60080/devtoo..., se:cdpVersion: 116.0.5845.180, setWindowRect: true, strictFileInteractability: false, timeouts: {implicit: 0, pageLoad: 300000, script: 30000}, unhandledPromptBehavior: dismiss and notify, webauthn:extension:credBlob: true, webauthn:extension:largeBlob: true, webauthn:extension:minPinLength: true, webauthn:extension:prf: true, webauthn:virtualAuthenticators: true}\nSession ID: bec8fa0e104523ce2931b25374e22709\r\n\tat java.base/jdk.internal.reflect.NativeConstructorAccessorImpl.newInstance0(Native Method)\r\n\tat java.base/jdk.internal.reflect.NativeConstructorAccessorImpl.newInstance(NativeConstructorAccessorImpl.java:77)\r\n\tat java.base/jdk.internal.reflect.DelegatingConstructorAccessorImpl.newInstance(DelegatingConstructorAccessorImpl.java:45)\r\n\tat java.base/java.lang.reflect.Constructor.newInstanceWithCaller(Constructor.java:499)\r\n\tat java.base/java.lang.reflect.Constructor.newInstance(Constructor.java:480)\r\n\tat org.openqa.selenium.remote.codec.w3c.W3CHttpResponseCodec.createException(W3CHttpResponseCodec.java:200)\r\n\tat org.openqa.selenium.remote.codec.w3c.W3CHttpResponseCodec.decode(W3CHttpResponseCodec.java:133)\r\n\tat org.openqa.selenium.remote.codec.w3c.W3CHttpResponseCodec.decode(W3CHttpResponseCodec.java:52)\r\n\tat org.openqa.selenium.remote.HttpCommandExecutor.execute(HttpCommandExecutor.java:191)\r\n\tat org.openqa.selenium.remote.service.DriverCommandExecutor.invokeExecute(DriverCommandExecutor.java:196)\r\n\tat org.openqa.selenium.remote.service.DriverCommandExecutor.execute(DriverCommandExecutor.java:171)\r\n\tat org.openqa.selenium.remote.RemoteWebDriver.execute(RemoteWebDriver.java:518)\r\n\tat org.openqa.selenium.remote.RemoteWebDriver.execute(RemoteWebDriver.java:591)\r\n\tat org.openqa.selenium.remote.RemoteWebDriver.execute(RemoteWebDriver.java:595)\r\n\tat org.openqa.selenium.remote.RemoteWebDriver.getScreenshotAs(RemoteWebDriver.java:321)\r\n\tat base.Hooks.tearDown(Hooks.java:63)\r\n","duration":22775100,"status":"failed"},"match":{"location":"base.Hooks.tearDown(io.cucumber.java.Scenario)"}}],"type":"scenario","keyword":"Scenario Outline","steps":[{"result":{"duration":12271953400,"status":"passed"},"line":35,"name":"The User submits blank \"\" and \"Test125\"","match":{"arguments":[{"val":"\"\"","offset":23},{"val":"\"Test125\"","offset":30}],"location":"stepDefinition.LoginPageSteps.the_user_submits_blank_email_and_password(java.lang.String,java.lang.String)"},"keyword":"Given "},{"result":{"duration":171311600,"status":"passed"},"line":36,"name":"The user click on the Login button","match":{"location":"stepDefinition.LoginPageSteps.the_user_click_on_the_login_button()"},"keyword":"When "},{"result":{"error_message":"org.openqa.selenium.NoSuchElementException: Unable to find element with locator By.xpath: (//li[normalize-space()='The Logon field is required.'])[1]\nFor documentation on this error, please visit: https://www.selenium.dev/documentation/webdriver/troubleshooting/errors#no-such-element-exception\nBuild info: version: '4.11.0', revision: '040bc5406b'\nSystem info: os.name: 'Windows 11', os.arch: 'amd64', os.version: '10.0', java.version: '17.0.7'\nDriver info: driver.version: RemoteWebDriver\r\n\tat org.openqa.selenium.remote.ElementLocation$ElementFinder$2.findElement(ElementLocation.java:168)\r\n\tat org.openqa.selenium.remote.ElementLocation.findElement(ElementLocation.java:59)\r\n\tat org.openqa.selenium.remote.RemoteWebDriver.findElement(RemoteWebDriver.java:355)\r\n\tat org.openqa.selenium.remote.RemoteWebDriver.findElement(RemoteWebDriver.java:349)\r\n\tat page.LoginPage.the_user_should_see_an_error_message(LoginPage.java:159)\r\n\tat stepDefinition.LoginPageSteps.the_user_should_see_an_error_message(LoginPageSteps.java:106)\r\n\tat âœ½.The User should see an Error Message \"The Logon field is required.\"(file:///C:/Users/AnoopKumar/eclipse-workspace/COM.CINCHCCM/src/test/java/features/1_Login.feature:37)\r\n","duration":15975423100,"status":"failed"},"line":37,"name":"The User should see an Error Message \"The Logon field is required.\"","match":{"arguments":[{"val":"\"The Logon field is required.\"","offset":37}],"location":"stepDefinition.LoginPageSteps.the_user_should_see_an_error_message(java.lang.String)"},"keyword":"Then "}],"tags":[{"name":"@TestBlank"}]}],"name":"Login Functionality","description":"","id":"login-functionality","keyword":"Feature","uri":"file:src/test/java/features/1_Login.feature","tags":[]}]